Сборка начата 10.07.2026 22:16:42.
Уровень детализации журнала: Normal.     1>Проект "C:\Users\grigo\OneDrive\Desktop\С++\быстрая сортировка\быстрая сортировка\быстрая сортировка.vcxproj" в узле 2 (целевые объекты Build).
     1>PrepareForBuild:
         Структурированный вывод включен. Форматирование диагностики компилятора будет отражать иерархию ошибок. Подробнее см. https://aka.ms/cpp/structured-output.
       InitializeBuildStatus:
         Создание "x64\Debug\быстрая .cf097808.tlog\unsuccessfulbuild", так как было задано "AlwaysCreate".
         Обращение к "x64\Debug\быстрая .cf097808.tlog\unsuccessfulbuild".
       ClCompile:
         C:\Program Files\Microsoft Visual Studio\2022\Community\VC\Tools\MSVC\14.44.35207\bin\HostX64\x64\CL.exe /c /ZI /JMC /nologo /W3 /WX- /diagnostics:column /sdl /Od /D _DEBUG /D _CONSOLE /D _UNICODE /D UNICODE /Gm- /EHsc /RTC1 /MDd /GS /fp:precise /Zc:wchar_t /Zc:forScope /Zc:inline /permissive- /Fo"x64\Debug\\" /Fd"x64\Debug\vc143.pdb" /external:W3 /Gd /TP /FC /errorReport:prompt Source.cpp
         Source.cpp
     1>C:\Users\grigo\OneDrive\Desktop\С++\быстрая сортировка\быстрая сортировка\Source.cpp(36,6): warning C4326: возвращаемый тип "main" должен быть "int", а не "void"
     1>C:\Users\grigo\OneDrive\Desktop\С++\быстрая сортировка\быстрая сортировка\Source.cpp(39,12): warning C4244: аргумент: преобразование "time_t" в "unsigned int", возможна потеря данных
       Link:
         C:\Program Files\Microsoft Visual Studio\2022\Community\VC\Tools\MSVC\14.44.35207\bin\HostX64\x64\link.exe /ERRORREPORT:PROMPT /OUT:"C:\Users\grigo\OneDrive\Desktop\С++\быстрая сортировка\x64\Debug\быстрая сортировка.exe" /INCREMENTAL /ILK:"x64\Debug\быстрая сортировка.ilk" /NOLOGO kernel32.lib user32.lib gdi32.lib winspool.lib comdlg32.lib advapi32.lib shell32.lib ole32.lib oleaut32.lib uuid.lib odbc32.lib odbccp32.lib /MANIFEST /MANIFESTUAC:"level='asInvoker' uiAccess='false'" /manifest:embed /DEBUG /PDB:"C:\Users\grigo\OneDrive\Desktop\С++\быстрая сортировка\x64\Debug\быстрая сортировка.pdb" /SUBSYSTEM:CONSOLE /TLBID:1 /DYNAMICBASE /NXCOMPAT /IMPLIB:"C:\Users\grigo\OneDrive\Desktop\С++\быстрая сортировка\x64\Debug\быстрая сортировка.lib" /MACHINE:X64 x64\Debug\Source.obj
         быстрая сортировка.vcxproj -> C:\Users\grigo\OneDrive\Desktop\С++\быстрая сортировка\x64\Debug\быстрая сортировка.exe
       FinalizeBuildStatus:
         Файл "x64\Debug\быстрая .cf097808.tlog\unsuccessfulbuild" удаляется.
         Обращение к "x64\Debug\быстрая .cf097808.tlog\быстрая сортировка.lastbuildstate".
     1>Сборка проекта "C:\Users\grigo\OneDrive\Desktop\С++\быстрая сортировка\быстрая сортировка\быстрая сортировка.vcxproj" завершена (целевые объекты Build).

Сборка успешно завершена.

       "C:\Users\grigo\OneDrive\Desktop\С++\быстрая сортировка\быстрая сортировка\быстрая сортировка.vcxproj" (целевой объект Build ) (1) ->
       (Целевой объект ClCompile) -> 
         C:\Users\grigo\OneDrive\Desktop\С++\быстрая сортировка\быстрая сортировка\Source.cpp(36,6): warning C4326: возвращаемый тип "main" должен быть "int", а не "void"
         C:\Users\grigo\OneDrive\Desktop\С++\быстрая сортировка\быстрая сортировка\Source.cpp(39,12): warning C4244: аргумент: преобразование "time_t" в "unsigned int", возможна потеря данных

    Предупреждений: 2
    Ошибок: 0

Прошло времени 00:00:00.68
