Сборка начата 08.07.2026 16:04:46.
Уровень детализации журнала: Normal.     1>Проект "C:\Users\grigo\OneDrive\Desktop\С++\стек на односвязанном списке\стек на односвязанном списке\стек на односвязанном списке.vcxproj" в узле 2 (целевые объекты Build).
     1>PrepareForBuild:
         Структурированный вывод включен. Форматирование диагностики компилятора будет отражать иерархию ошибок. Подробнее см. https://aka.ms/cpp/structured-output.
       InitializeBuildStatus:
         Создание "Debug\стек на .1d257d70.tlog\unsuccessfulbuild", так как было задано "AlwaysCreate".
         Обращение к "Debug\стек на .1d257d70.tlog\unsuccessfulbuild".
       ClCompile:
         C:\Program Files\Microsoft Visual Studio\2022\Community\VC\Tools\MSVC\14.44.35207\bin\HostX86\x86\CL.exe /c /ZI /JMC /nologo /W3 /WX- /diagnostics:column /sdl /Od /Oy- /D WIN32 /D _DEBUG /D _CONSOLE /D _UNICODE /D UNICODE /Gm- /EHsc /RTC1 /MDd /GS /fp:precise /Zc:wchar_t /Zc:forScope /Zc:inline /permissive- /Fo"Debug\\" /Fd"Debug\vc143.pdb" /external:W3 /Gd /TP /analyze- /FC /errorReport:prompt Source.cpp
         Source.cpp
     1>C:\Users\grigo\OneDrive\Desktop\С++\стек на односвязанном списке\стек на односвязанном списке\Source.cpp(99,6): warning C4326: возвращаемый тип "main" должен быть "int", а не "void"
       Link:
         C:\Program Files\Microsoft Visual Studio\2022\Community\VC\Tools\MSVC\14.44.35207\bin\HostX86\x86\link.exe /ERRORREPORT:PROMPT /OUT:"C:\Users\grigo\OneDrive\Desktop\С++\стек на односвязанном списке\Debug\стек на односвязанном списке.exe" /INCREMENTAL /ILK:"Debug\стек на односвязанном списке.ilk" /NOLOGO kernel32.lib user32.lib gdi32.lib winspool.lib comdlg32.lib advapi32.lib shell32.lib ole32.lib oleaut32.lib uuid.lib odbc32.lib odbccp32.lib /MANIFEST /MANIFESTUAC:"level='asInvoker' uiAccess='false'" /manifest:embed /DEBUG /PDB:"C:\Users\grigo\OneDrive\Desktop\С++\стек на односвязанном списке\Debug\стек на односвязанном списке.pdb" /SUBSYSTEM:CONSOLE /TLBID:1 /DYNAMICBASE /NXCOMPAT /IMPLIB:"C:\Users\grigo\OneDrive\Desktop\С++\стек на односвязанном списке\Debug\стек на односвязанном списке.lib" /MACHINE:X86 Debug\Source.obj
         стек на односвязанном списке.vcxproj -> C:\Users\grigo\OneDrive\Desktop\С++\стек на односвязанном списке\Debug\стек на односвязанном списке.exe
       FinalizeBuildStatus:
         Файл "Debug\стек на .1d257d70.tlog\unsuccessfulbuild" удаляется.
         Обращение к "Debug\стек на .1d257d70.tlog\стек на односвязанном списке.lastbuildstate".
     1>Сборка проекта "C:\Users\grigo\OneDrive\Desktop\С++\стек на односвязанном списке\стек на односвязанном списке\стек на односвязанном списке.vcxproj" завершена (целевые объекты Build).

Сборка успешно завершена.

       "C:\Users\grigo\OneDrive\Desktop\С++\стек на односвязанном списке\стек на односвязанном списке\стек на односвязанном списке.vcxproj" (целевой объект Build ) (1) ->
       (Целевой объект ClCompile) -> 
         C:\Users\grigo\OneDrive\Desktop\С++\стек на односвязанном списке\стек на односвязанном списке\Source.cpp(99,6): warning C4326: возвращаемый тип "main" должен быть "int", а не "void"

    Предупреждений: 1
    Ошибок: 0

Прошло времени 00:00:00.82
